<?xml version="1.0" encoding="UTF-8"?>
<testsuite name="com.gamingPlatform.games.CommandToHigherOrLowerGameConverterTest" tests="8" skipped="0" failures="0" errors="0" timestamp="2023-07-16T12:05:19" hostname="LAPTOP-4OO7AH92" time="2.006">
  <properties/>
  <testcase name="buildHigherOrLowerGameFromCommandThrowsExceptionWhenBetIsIncorrectType()" classname="com.gamingPlatform.games.CommandToHigherOrLowerGameConverterTest" time="1.942"/>
  <testcase name="buildHigherOrLowerGameFromCommandThrowsExceptionWhenPlayersNumberNotPresent()" classname="com.gamingPlatform.games.CommandToHigherOrLowerGameConverterTest" time="0.007"/>
  <testcase name="buildHigherOrLowerGameFromCommandDoesNotValidatePlayersNumberTooHigh()" classname="com.gamingPlatform.games.CommandToHigherOrLowerGameConverterTest" time="0.006"/>
  <testcase name="buildHigherOrLowerGameFromCommandDoesNotValidatePlayersNumberTooLow()" classname="com.gamingPlatform.games.CommandToHigherOrLowerGameConverterTest" time="0.005"/>
  <testcase name="buildHigherOrLowerGameFromCommand()" classname="com.gamingPlatform.games.CommandToHigherOrLowerGameConverterTest" time="0.014"/>
  <testcase name="buildHigherOrLowerGameFromCommandThrowsExceptionWhenBetKeyNotPresent()" classname="com.gamingPlatform.games.CommandToHigherOrLowerGameConverterTest" time="0.005"/>
  <testcase name="buildHigherOrLowerGameFromCommandDoesNotValidateBet()" classname="com.gamingPlatform.games.CommandToHigherOrLowerGameConverterTest" time="0.005"/>
  <testcase name="buildHigherOrLowerGameFromCommandThrowsExceptionWhenPlayersNumberIsIncorrectType()" classname="com.gamingPlatform.games.CommandToHigherOrLowerGameConverterTest" time="0.005"/>
  <system-out><![CDATA[15:05:16.224 [ForkJoinPool-1-worker-1] DEBUG org.springframework.test.context.BootstrapUtils - Instantiating CacheAwareContextLoaderDelegate from class [org.springframework.test.context.cache.DefaultCacheAwareContextLoaderDelegate]
15:05:16.244 [ForkJoinPool-1-worker-1] DEBUG org.springframework.test.context.BootstrapUtils - Instantiating BootstrapContext using constructor [public org.springframework.test.context.support.DefaultBootstrapContext(java.lang.Class,org.springframework.test.context.CacheAwareContextLoaderDelegate)]
15:05:16.310 [ForkJoinPool-1-worker-1] DEBUG org.springframework.test.context.BootstrapUtils - Instantiating TestContextBootstrapper for test class [com.gamingPlatform.games.CommandToHigherOrLowerGameConverterTest] from class [org.springframework.boot.test.context.SpringBootTestContextBootstrapper]
15:05:16.336 [ForkJoinPool-1-worker-1] INFO org.springframework.boot.test.context.SpringBootTestContextBootstrapper - Neither @ContextConfiguration nor @ContextHierarchy found for test class [com.gamingPlatform.games.CommandToHigherOrLowerGameConverterTest], using SpringBootContextLoader
15:05:16.342 [ForkJoinPool-1-worker-1] DEBUG org.springframework.test.context.support.AbstractContextLoader - Did not detect default resource location for test class [com.gamingPlatform.games.CommandToHigherOrLowerGameConverterTest]: class path resource [com/gamingPlatform/games/CommandToHigherOrLowerGameConverterTest-context.xml] does not exist
15:05:16.343 [ForkJoinPool-1-worker-1] DEBUG org.springframework.test.context.support.AbstractContextLoader - Did not detect default resource location for test class [com.gamingPlatform.games.CommandToHigherOrLowerGameConverterTest]: class path resource [com/gamingPlatform/games/CommandToHigherOrLowerGameConverterTestContext.groovy] does not exist
15:05:16.343 [ForkJoinPool-1-worker-1] INFO org.springframework.test.context.support.AbstractContextLoader - Could not detect default resource locations for test class [com.gamingPlatform.games.CommandToHigherOrLowerGameConverterTest]: no resource found for suffixes {-context.xml, Context.groovy}.
15:05:16.344 [ForkJoinPool-1-worker-1] INFO org.springframework.test.context.support.AnnotationConfigContextLoaderUtils - Could not detect default configuration classes for test class [com.gamingPlatform.games.CommandToHigherOrLowerGameConverterTest]: CommandToHigherOrLowerGameConverterTest does not declare any static, non-private, non-final, nested classes annotated with @Configuration.
15:05:16.412 [ForkJoinPool-1-worker-1] DEBUG org.springframework.test.context.support.ActiveProfilesUtils - Could not find an 'annotation declaring class' for annotation type [org.springframework.test.context.ActiveProfiles] and class [com.gamingPlatform.games.CommandToHigherOrLowerGameConverterTest]
15:05:16.523 [ForkJoinPool-1-worker-1] DEBUG org.springframework.context.annotation.ClassPathScanningCandidateComponentProvider - Identified candidate component class: file [D:\IdeaProjects\Gaming\build\classes\java\main\com\gamingPlatform\GamingPlatformApplication.class]
15:05:16.525 [ForkJoinPool-1-worker-1] INFO org.springframework.boot.test.context.SpringBootTestContextBootstrapper - Found @SpringBootConfiguration com.gamingPlatform.GamingPlatformApplication for test class com.gamingPlatform.games.CommandToHigherOrLowerGameConverterTest
15:05:16.684 [ForkJoinPool-1-worker-1] DEBUG org.springframework.boot.test.context.SpringBootTestContextBootstrapper - @TestExecutionListeners is not present for class [com.gamingPlatform.games.CommandToHigherOrLowerGameConverterTest]: using defaults.
15:05:16.685 [ForkJoinPool-1-worker-1] INFO org.springframework.boot.test.context.SpringBootTestContextBootstrapper - Loaded default TestExecutionListener class names from location [META-INF/spring.factories]: [org.springframework.boot.test.autoconfigure.restdocs.RestDocsTestExecutionListener, org.springframework.boot.test.autoconfigure.web.client.MockRestServiceServerResetTestExecutionListener, org.springframework.boot.test.autoconfigure.web.servlet.MockMvcPrintOnlyOnFailureTestExecutionListener, org.springframework.boot.test.autoconfigure.web.servlet.WebDriverTestExecutionListener, org.springframework.boot.test.autoconfigure.webservices.client.MockWebServiceServerTestExecutionListener, org.springframework.boot.test.mock.mockito.MockitoTestExecutionListener, org.springframework.boot.test.mock.mockito.ResetMocksTestExecutionListener, org.springframework.test.context.web.ServletTestExecutionListener, org.springframework.test.context.support.DirtiesContextBeforeModesTestExecutionListener, org.springframework.test.context.event.ApplicationEventsTestExecutionListener, org.springframework.test.context.support.DependencyInjectionTestExecutionListener, org.springframework.test.context.support.DirtiesContextTestExecutionListener, org.springframework.test.context.transaction.TransactionalTestExecutionListener, org.springframework.test.context.jdbc.SqlScriptsTestExecutionListener, org.springframework.test.context.event.EventPublishingTestExecutionListener]
15:05:16.708 [ForkJoinPool-1-worker-1] DEBUG org.springframework.boot.test.context.SpringBootTestContextBootstrapper - Skipping candidate TestExecutionListener [org.springframework.test.context.transaction.TransactionalTestExecutionListener] due to a missing dependency. Specify custom listener classes or make the default listener classes and their required dependencies available. Offending class: [org/springframework/transaction/interceptor/TransactionAttributeSource]
15:05:16.709 [ForkJoinPool-1-worker-1] DEBUG org.springframework.boot.test.context.SpringBootTestContextBootstrapper - Skipping candidate TestExecutionListener [org.springframework.test.context.jdbc.SqlScriptsTestExecutionListener] due to a missing dependency. Specify custom listener classes or make the default listener classes and their required dependencies available. Offending class: [org/springframework/transaction/interceptor/TransactionAttribute]
15:05:16.709 [ForkJoinPool-1-worker-1] INFO org.springframework.boot.test.context.SpringBootTestContextBootstrapper - Using TestExecutionListeners: [org.springframework.test.context.web.ServletTestExecutionListener@5521f360, org.springframework.test.context.support.DirtiesContextBeforeModesTestExecutionListener@654edb20, org.springframework.test.context.event.ApplicationEventsTestExecutionListener@36c10bea, org.springframework.boot.test.mock.mockito.MockitoTestExecutionListener@6895205, org.springframework.boot.test.autoconfigure.SpringBootDependencyInjectionTestExecutionListener@5ce90b47, org.springframework.test.context.support.DirtiesContextTestExecutionListener@4fed4c21, org.springframework.test.context.event.EventPublishingTestExecutionListener@714d906d, org.springframework.boot.test.autoconfigure.restdocs.RestDocsTestExecutionListener@3d98ed3b, org.springframework.boot.test.autoconfigure.web.client.MockRestServiceServerResetTestExecutionListener@293f6afc, org.springframework.boot.test.autoconfigure.web.servlet.MockMvcPrintOnlyOnFailureTestExecutionListener@c16a7be, org.springframework.boot.test.autoconfigure.web.servlet.WebDriverTestExecutionListener@114580a9, org.springframework.boot.test.autoconfigure.webservices.client.MockWebServiceServerTestExecutionListener@6b4e468f, org.springframework.boot.test.mock.mockito.ResetMocksTestExecutionListener@39f4b990]
15:05:16.717 [ForkJoinPool-1-worker-1] DEBUG org.springframework.test.context.support.AbstractDirtiesContextTestExecutionListener - Before test class: context [DefaultTestContext@34132f5 testClass = CommandToHigherOrLowerGameConverterTest, testInstance = [null], testMethod = [null], testException = [null], mergedContextConfiguration = [WebMergedContextConfiguration@2663eefa testClass = CommandToHigherOrLowerGameConverterTest, locations = '{}', classes = '{class com.gamingPlatform.GamingPlatformApplication}', contextInitializerClasses = '[]', activeProfiles = '{}', propertySourceLocations = '{}', propertySourceProperties = '{org.springframework.boot.test.context.SpringBootTestContextBootstrapper=true}', contextCustomizers = set[org.springframework.boot.test.autoconfigure.actuate.metrics.MetricsExportContextCustomizerFactory$DisableMetricExportContextCustomizer@16fe4970, org.springframework.boot.test.autoconfigure.properties.PropertyMappingContextCustomizer@0, org.springframework.boot.test.autoconfigure.web.servlet.WebDriverContextCustomizerFactory$Customizer@db14440, org.springframework.boot.test.context.filter.ExcludeFilterContextCustomizer@77c222c1, org.springframework.boot.test.json.DuplicateJsonObjectContextCustomizerFactory$DuplicateJsonObjectContextCustomizer@c5de197, org.springframework.boot.test.mock.mockito.MockitoContextCustomizer@0, org.springframework.boot.test.web.client.TestRestTemplateContextCustomizer@7fce60a5, org.springframework.boot.test.context.SpringBootTestArgs@1, org.springframework.boot.test.context.SpringBootTestWebEnvironment@5403f35f], resourceBasePath = 'src/main/webapp', contextLoader = 'org.springframework.boot.test.context.SpringBootContextLoader', parent = [null]], attributes = map['org.springframework.test.context.web.ServletTestExecutionListener.activateListener' -> true]], class annotated with @DirtiesContext [false] with mode [null].

  .   ____          _            __ _ _
 /\\ / ___'_ __ _ _(_)_ __  __ _ \ \ \ \
( ( )\___ | '_ | '_| | '_ \/ _` | \ \ \ \
 \\/  ___)| |_)| | | | | || (_| |  ) ) ) )
  '  |____| .__|_| |_|_| |_\__, | / / / /
 =========|_|==============|___/=/_/_/_/
 :: Spring Boot ::               (v2.7.13)

2023-07-16 15:05:17.207  INFO 302564 --- [Pool-1-worker-1] .CommandToHigherOrLowerGameConverterTest : Starting CommandToHigherOrLowerGameConverterTest using Java 17.0.7 on LAPTOP-4OO7AH92 with PID 302564 (started by brendan in D:\IdeaProjects\Gaming)
2023-07-16 15:05:17.210  INFO 302564 --- [Pool-1-worker-1] .CommandToHigherOrLowerGameConverterTest : No active profile set, falling back to 1 default profile: "default"
2023-07-16 15:05:19.690  INFO 302564 --- [Pool-1-worker-1] .CommandToHigherOrLowerGameConverterTest : Started CommandToHigherOrLowerGameConverterTest in 2.906 seconds (JVM running for 4.588)
]]></system-out>
  <system-err><![CDATA[]]></system-err>
</testsuite>
